# JRE version: OpenJDK Runtime Environment (17.0.6) (build 17.0.6+0-b2043.56-10027231)
# Java VM: OpenJDK 64-Bit Server VM (17.0.6+0-b2043.56-10027231, mixed mode, tiered, compressed oops, compressed class ptrs, g1 gc, windows-amd64)
GC Precious Log:
 CPUs: 8 total, 8 available
 Memory: 12055M
 Large Page Support: Disabled
 NUMA Support: Disabled
 Compressed Oops: Enabled (Zero based)
 Heap Region Size: 2M
 Heap Min Capacity: 8M
 Heap Initial Capacity: 190M
 Heap Max Capacity: 4G
 Pre-touch: Disabled
 Parallel Workers: 8
 Concurrent Workers: 2
 Concurrent Refinement Workers: 8
 Periodic GC: Disabled
Heap:
 garbage-first heap   total 714752K, used 253322K [0x0000000700000000, 0x0000000800000000)
  region size 2048K, 8 young (16384K), 8 survivors (16384K)
 Metaspace       used 160547K, committed 161984K, reserved 1196032K
  class space    used 21324K, committed 21952K, reserved 1048576K
GC Heap History (20 events):
Event: 218.912 GC heap after
{Heap after GC invocations=117 (full 0):
 garbage-first heap   total 495616K, used 247892K [0x0000000700000000, 0x0000000800000000)
  region size 2048K, 6 young (12288K), 6 survivors (12288K)
 Metaspace       used 140446K, committed 141760K, reserved 1179648K
  class space    used 18019K, committed 18560K, reserved 1048576K
}
Event: 219.034 GC heap before
{Heap before GC invocations=117 (full 0):
 garbage-first heap   total 495616K, used 292948K [0x0000000700000000, 0x0000000800000000)
  region size 2048K, 8 young (16384K), 6 survivors (12288K)
 Metaspace       used 140455K, committed 141760K, reserved 1179648K
  class space    used 18019K, committed 18560K, reserved 1048576K
}
Event: 219.043 GC heap after
{Heap after GC invocations=118 (full 0):
 garbage-first heap   total 495616K, used 286248K [0x0000000700000000, 0x0000000800000000)
  region size 2048K, 5 young (10240K), 5 survivors (10240K)
 Metaspace       used 140455K, committed 141760K, reserved 1179648K
  class space    used 18019K, committed 18560K, reserved 1048576K
}
Event: 226.972 GC heap before
{Heap before GC invocations=119 (full 0):
 garbage-first heap   total 567296K, used 466472K [0x0000000700000000, 0x0000000800000000)
  region size 2048K, 73 young (149504K), 5 survivors (10240K)
 Metaspace       used 143793K, committed 145216K, reserved 1179648K
  class space    used 18476K, committed 19136K, reserved 1048576K
}
Event: 226.986 GC heap after
{Heap after GC invocations=120 (full 0):
 garbage-first heap   total 567296K, used 227753K [0x0000000700000000, 0x0000000800000000)
  region size 2048K, 7 young (14336K), 7 survivors (14336K)
 Metaspace       used 143793K, committed 145216K, reserved 1179648K
  class space    used 18476K, committed 19136K, reserved 1048576K
}
Event: 227.287 GC heap before
{Heap before GC invocations=120 (full 0):
 garbage-first heap   total 567296K, used 237993K [0x0000000700000000, 0x0000000800000000)
  region size 2048K, 13 young (26624K), 7 survivors (14336K)
 Metaspace       used 143793K, committed 145216K, reserved 1179648K
  class space    used 18476K, committed 19136K, reserved 1048576K
}
Event: 227.369 GC heap after
{Heap after GC invocations=121 (full 0):
 garbage-first heap   total 567296K, used 217023K [0x0000000700000000, 0x0000000800000000)
  region size 2048K, 2 young (4096K), 2 survivors (4096K)
 Metaspace       used 143793K, committed 145216K, reserved 1179648K
  class space    used 18476K, committed 19136K, reserved 1048576K
}
Event: 230.073 GC heap before
{Heap before GC invocations=121 (full 0):
 garbage-first heap   total 567296K, used 483263K [0x0000000700000000, 0x0000000800000000)
  region size 2048K, 133 young (272384K), 2 survivors (4096K)
 Metaspace       used 144965K, committed 146304K, reserved 1179648K
  class space    used 18661K, committed 19264K, reserved 1048576K
}
Event: 230.080 GC heap after
{Heap after GC invocations=122 (full 0):
 garbage-first heap   total 567296K, used 216808K [0x0000000700000000, 0x0000000800000000)
  region size 2048K, 2 young (4096K), 2 survivors (4096K)
 Metaspace       used 144965K, committed 146304K, reserved 1179648K
  class space    used 18661K, committed 19264K, reserved 1048576K
}
Event: 230.091 GC heap before
{Heap before GC invocations=122 (full 0):
 garbage-first heap   total 567296K, used 216808K [0x0000000700000000, 0x0000000800000000)
  region size 2048K, 3 young (6144K), 2 survivors (4096K)
 Metaspace       used 144977K, committed 146368K, reserved 1179648K
  class space    used 18663K, committed 19264K, reserved 1048576K
}
Event: 230.104 GC heap after
{Heap after GC invocations=123 (full 0):
 garbage-first heap   total 567296K, used 216578K [0x0000000700000000, 0x0000000800000000)
  region size 2048K, 1 young (2048K), 1 survivors (2048K)
 Metaspace       used 144977K, committed 146368K, reserved 1179648K
  class space    used 18663K, committed 19264K, reserved 1048576K
}
Event: 232.411 GC heap before
{Heap before GC invocations=124 (full 0):
 garbage-first heap   total 714752K, used 480770K [0x0000000700000000, 0x0000000800000000)
  region size 2048K, 129 young (264192K), 1 survivors (2048K)
 Metaspace       used 145595K, committed 147008K, reserved 1179648K
  class space    used 18767K, committed 19392K, reserved 1048576K
}
Event: 232.427 GC heap after
{Heap after GC invocations=125 (full 0):
 garbage-first heap   total 714752K, used 223222K [0x0000000700000000, 0x0000000800000000)
  region size 2048K, 4 young (8192K), 4 survivors (8192K)
 Metaspace       used 145595K, committed 147008K, reserved 1179648K
  class space    used 18767K, committed 19392K, reserved 1048576K
}
Event: 232.695 GC heap before
{Heap before GC invocations=125 (full 0):
 garbage-first heap   total 714752K, used 249846K [0x0000000700000000, 0x0000000800000000)
  region size 2048K, 17 young (34816K), 4 survivors (8192K)
 Metaspace       used 145596K, committed 147008K, reserved 1179648K
  class space    used 18767K, committed 19392K, reserved 1048576K
}
Event: 233.003 GC heap after
{Heap after GC invocations=126 (full 0):
 garbage-first heap   total 714752K, used 216334K [0x0000000700000000, 0x0000000800000000)
  region size 2048K, 2 young (4096K), 2 survivors (4096K)
 Metaspace       used 145596K, committed 147008K, reserved 1179648K
  class space    used 18767K, committed 19392K, reserved 1048576K
}
Event: 237.468 GC heap before
{Heap before GC invocations=126 (full 0):
 garbage-first heap   total 714752K, used 470286K [0x0000000700000000, 0x0000000800000000)
  region size 2048K, 126 young (258048K), 2 survivors (4096K)
 Metaspace       used 158107K, committed 159488K, reserved 1187840K
  class space    used 20919K, committed 21504K, reserved 1048576K
}
Event: 237.497 GC heap after
{Heap after GC invocations=127 (full 0):
 garbage-first heap   total 714752K, used 238381K [0x0000000700000000, 0x0000000800000000)
  region size 2048K, 13 young (26624K), 13 survivors (26624K)
 Metaspace       used 158107K, committed 159488K, reserved 1187840K
  class space    used 20919K, committed 21504K, reserved 1048576K
}
Event: 237.575 GC heap before
{Heap before GC invocations=127 (full 0):
 garbage-first heap   total 714752K, used 246573K [0x0000000700000000, 0x0000000800000000)
  region size 2048K, 17 young (34816K), 13 survivors (26624K)
 Metaspace       used 158140K, committed 159488K, reserved 1187840K
  class space    used 20925K, committed 21504K, reserved 1048576K
}
Event: 237.660 GC heap after
{Heap after GC invocations=128 (full 0):
 garbage-first heap   total 714752K, used 241003K [0x0000000700000000, 0x0000000800000000)
  region size 2048K, 2 young (4096K), 2 survivors (4096K)
 Metaspace       used 158140K, committed 159488K, reserved 1187840K
  class space    used 20925K, committed 21504K, reserved 1048576K
}
Event: 239.426 GC heap before
{Heap before GC invocations=128 (full 0):
 garbage-first heap   total 714752K, used 449899K [0x0000000700000000, 0x0000000800000000)
  region size 2048K, 105 young (215040K), 2 survivors (4096K)
 Metaspace       used 160547K, committed 161984K, reserved 1196032K
  class space    used 21324K, committed 21952K, reserved 1048576K
}

