# JRE version: OpenJDK Runtime Environment (17.0.6) (build 17.0.6+0-b2043.56-10027231)
# Java VM: OpenJDK 64-Bit Server VM (17.0.6+0-b2043.56-10027231, mixed mode, tiered, compressed oops, compressed class ptrs, g1 gc, windows-amd64)
GC Precious Log:
 CPUs: 8 total, 8 available
 Memory: 12055M
 Large Page Support: Disabled
 NUMA Support: Disabled
 Compressed Oops: Enabled (Zero based)
 Heap Region Size: 2M
 Heap Min Capacity: 8M
 Heap Initial Capacity: 190M
 Heap Max Capacity: 4G
 Pre-touch: Disabled
 Parallel Workers: 8
 Concurrent Workers: 2
 Concurrent Refinement Workers: 8
 Periodic GC: Disabled
Heap:
 garbage-first heap   total 1056768K, used 463964K [0x0000000700000000, 0x0000000800000000)
  region size 2048K, 78 young (159744K), 5 survivors (10240K)
 Metaspace       used 117242K, committed 118656K, reserved 1155072K
  class space    used 15714K, committed 16320K, reserved 1048576K
GC Heap History (20 events):
Event: 22.084 GC heap before
{Heap before GC invocations=55 (full 0):
 garbage-first heap   total 241664K, used 186024K [0x0000000700000000, 0x0000000800000000)
  region size 2048K, 23 young (47104K), 1 survivors (2048K)
 Metaspace       used 104541K, committed 105600K, reserved 1146880K
  class space    used 14277K, committed 14720K, reserved 1048576K
}
Event: 22.094 GC heap after
{Heap after GC invocations=56 (full 0):
 garbage-first heap   total 483328K, used 149272K [0x0000000700000000, 0x0000000800000000)
  region size 2048K, 3 young (6144K), 3 survivors (6144K)
 Metaspace       used 104541K, committed 105600K, reserved 1146880K
  class space    used 14277K, committed 14720K, reserved 1048576K
}
Event: 36.311 GC heap before
{Heap before GC invocations=56 (full 0):
 garbage-first heap   total 483328K, used 317208K [0x0000000700000000, 0x0000000800000000)
  region size 2048K, 86 young (176128K), 3 survivors (6144K)
 Metaspace       used 107203K, committed 108416K, reserved 1146880K
  class space    used 14659K, committed 15168K, reserved 1048576K
}
Event: 36.326 GC heap after
{Heap after GC invocations=57 (full 0):
 garbage-first heap   total 483328K, used 159891K [0x0000000700000000, 0x0000000800000000)
  region size 2048K, 9 young (18432K), 9 survivors (18432K)
 Metaspace       used 107203K, committed 108416K, reserved 1146880K
  class space    used 14659K, committed 15168K, reserved 1048576K
}
Event: 39.017 GC heap before
{Heap before GC invocations=57 (full 0):
 garbage-first heap   total 483328K, used 370835K [0x0000000700000000, 0x0000000800000000)
  region size 2048K, 94 young (192512K), 9 survivors (18432K)
 Metaspace       used 110441K, committed 111680K, reserved 1146880K
  class space    used 15045K, committed 15552K, reserved 1048576K
}
Event: 39.038 GC heap after
{Heap after GC invocations=58 (full 0):
 garbage-first heap   total 483328K, used 215342K [0x0000000700000000, 0x0000000800000000)
  region size 2048K, 13 young (26624K), 13 survivors (26624K)
 Metaspace       used 110441K, committed 111680K, reserved 1146880K
  class space    used 15045K, committed 15552K, reserved 1048576K
}
Event: 41.779 GC heap before
{Heap before GC invocations=58 (full 0):
 garbage-first heap   total 483328K, used 420142K [0x0000000700000000, 0x0000000800000000)
  region size 2048K, 94 young (192512K), 13 survivors (26624K)
 Metaspace       used 112737K, committed 114112K, reserved 1155072K
  class space    used 15337K, committed 15936K, reserved 1048576K
}
Event: 41.800 GC heap after
{Heap after GC invocations=59 (full 0):
 garbage-first heap   total 483328K, used 184992K [0x0000000700000000, 0x0000000800000000)
  region size 2048K, 6 young (12288K), 6 survivors (12288K)
 Metaspace       used 112737K, committed 114112K, reserved 1155072K
  class space    used 15337K, committed 15936K, reserved 1048576K
}
Event: 41.928 GC heap before
{Heap before GC invocations=59 (full 0):
 garbage-first heap   total 483328K, used 242336K [0x0000000700000000, 0x0000000800000000)
  region size 2048K, 9 young (18432K), 6 survivors (12288K)
 Metaspace       used 112922K, committed 114304K, reserved 1155072K
  class space    used 15361K, committed 15936K, reserved 1048576K
}
Event: 41.934 GC heap after
{Heap after GC invocations=60 (full 0):
 garbage-first heap   total 483328K, used 210012K [0x0000000700000000, 0x0000000800000000)
  region size 2048K, 5 young (10240K), 5 survivors (10240K)
 Metaspace       used 112922K, committed 114304K, reserved 1155072K
  class space    used 15361K, committed 15936K, reserved 1048576K
}
Event: 41.966 GC heap before
{Heap before GC invocations=60 (full 0):
 garbage-first heap   total 483328K, used 230492K [0x0000000700000000, 0x0000000800000000)
  region size 2048K, 6 young (12288K), 5 survivors (10240K)
 Metaspace       used 112923K, committed 114304K, reserved 1155072K
  class space    used 15361K, committed 15936K, reserved 1048576K
}
Event: 41.973 GC heap after
{Heap after GC invocations=61 (full 0):
 garbage-first heap   total 483328K, used 210520K [0x0000000700000000, 0x0000000800000000)
  region size 2048K, 6 young (12288K), 6 survivors (12288K)
 Metaspace       used 112923K, committed 114304K, reserved 1155072K
  class space    used 15361K, committed 15936K, reserved 1048576K
}
Event: 41.998 GC heap before
{Heap before GC invocations=61 (full 0):
 garbage-first heap   total 483328K, used 226904K [0x0000000700000000, 0x0000000800000000)
  region size 2048K, 7 young (14336K), 6 survivors (12288K)
 Metaspace       used 112923K, committed 114304K, reserved 1155072K
  class space    used 15361K, committed 15936K, reserved 1048576K
}
Event: 42.005 GC heap after
{Heap after GC invocations=62 (full 0):
 garbage-first heap   total 483328K, used 210012K [0x0000000700000000, 0x0000000800000000)
  region size 2048K, 5 young (10240K), 5 survivors (10240K)
 Metaspace       used 112923K, committed 114304K, reserved 1155072K
  class space    used 15361K, committed 15936K, reserved 1048576K
}
Event: 42.024 GC heap before
{Heap before GC invocations=62 (full 0):
 garbage-first heap   total 483328K, used 222300K [0x0000000700000000, 0x0000000800000000)
  region size 2048K, 6 young (12288K), 5 survivors (10240K)
 Metaspace       used 112923K, committed 114304K, reserved 1155072K
  class space    used 15361K, committed 15936K, reserved 1048576K
}
Event: 42.031 GC heap after
{Heap after GC invocations=63 (full 0):
 garbage-first heap   total 483328K, used 210485K [0x0000000700000000, 0x0000000800000000)
  region size 2048K, 6 young (12288K), 6 survivors (12288K)
 Metaspace       used 112923K, committed 114304K, reserved 1155072K
  class space    used 15361K, committed 15936K, reserved 1048576K
}
Event: 42.045 GC heap before
{Heap before GC invocations=63 (full 0):
 garbage-first heap   total 483328K, used 218677K [0x0000000700000000, 0x0000000800000000)
  region size 2048K, 7 young (14336K), 6 survivors (12288K)
 Metaspace       used 112923K, committed 114304K, reserved 1155072K
  class space    used 15361K, committed 15936K, reserved 1048576K
}
Event: 42.053 GC heap after
{Heap after GC invocations=64 (full 0):
 garbage-first heap   total 1056768K, used 210012K [0x0000000700000000, 0x0000000800000000)
  region size 2048K, 5 young (10240K), 5 survivors (10240K)
 Metaspace       used 112923K, committed 114304K, reserved 1155072K
  class space    used 15361K, committed 15936K, reserved 1048576K
}
Event: 42.279 GC heap before
{Heap before GC invocations=64 (full 0):
 garbage-first heap   total 1056768K, used 347228K [0x0000000700000000, 0x0000000800000000)
  region size 2048K, 6 young (12288K), 5 survivors (10240K)
 Metaspace       used 112923K, committed 114304K, reserved 1155072K
  class space    used 15361K, committed 15936K, reserved 1048576K
}
Event: 42.286 GC heap after
{Heap after GC invocations=65 (full 0):
 garbage-first heap   total 1056768K, used 210012K [0x0000000700000000, 0x0000000800000000)
  region size 2048K, 5 young (10240K), 5 survivors (10240K)
 Metaspace       used 112923K, committed 114304K, reserved 1155072K
  class space    used 15361K, committed 15936K, reserved 1048576K
}

